2023-09-16 12:14:50,125 DEBUG :: Starting new HTTPS connection (1): fapi.binance.com:443
2023-09-16 12:14:50,810 DEBUG :: https://fapi.binance.com:443 "GET /fapi/v1/exchangeInfo HTTP/1.1" 200 None
2023-09-16 14:39:49,328 DEBUG :: Starting new HTTPS connection (1): fapi.binance.com:443
2023-09-16 14:39:49,984 DEBUG :: https://fapi.binance.com:443 "GET /fapi/v1/exchangeInfo HTTP/1.1" 200 None
2023-09-16 14:40:10,227 DEBUG :: Starting new HTTPS connection (1): fapi.binance.com:443
2023-09-16 14:40:10,825 DEBUG :: https://fapi.binance.com:443 "GET /fapi/v1/exchangeInfo HTTP/1.1" 200 None
2023-09-16 14:40:48,807 DEBUG :: Starting new HTTPS connection (1): fapi.binance.com:443
2023-09-16 14:40:49,418 DEBUG :: https://fapi.binance.com:443 "GET /fapi/v1/exchangeInfo HTTP/1.1" 200 None
2023-09-16 19:04:34,234 DEBUG :: Starting new HTTPS connection (1): fapi.binance.com:443
2023-09-16 19:04:34,957 DEBUG :: https://fapi.binance.com:443 "GET /fapi/v1/exchangeInfo HTTP/1.1" 200 None
2023-09-16 19:04:34,966 DEBUG :: Starting new HTTPS connection (1): fapi.binance.com:443
2023-09-16 19:04:35,556 DEBUG :: https://fapi.binance.com:443 "GET /fapi/v1/klines?symbol=BTCUSDT&interval=1m&limit=1500 HTTP/1.1" 200 None
2023-09-18 11:08:14,826 DEBUG :: Starting new HTTPS connection (1): ftx.com:443
2023-09-18 11:08:52,857 DEBUG :: Starting new HTTPS connection (1): fapi.binance.com:443
2023-09-18 11:08:53,469 DEBUG :: https://fapi.binance.com:443 "GET /fapi/v1/exchangeInfo HTTP/1.1" 200 None
2023-09-18 11:10:57,268 DEBUG :: Starting new HTTPS connection (1): ftx.com:443
2023-09-18 11:17:48,498 DEBUG :: Starting new HTTPS connection (1): ftx.com:443
2023-09-18 14:11:18,751 DEBUG :: Starting new HTTPS connection (1): fapi.binance.com:443
2023-09-18 14:11:19,346 DEBUG :: https://fapi.binance.com:443 "GET /fapi/v1/exchangeInfo HTTP/1.1" 200 None
2023-09-18 14:11:31,877 DEBUG :: Starting new HTTPS connection (1): fapi.binance.com:443
2023-09-18 14:11:32,474 DEBUG :: https://fapi.binance.com:443 "GET /fapi/v1/klines?symbol=BTCUSDT&interval=1m&limit=1500&endTime=1695026431876 HTTP/1.1" 200 None
2023-09-18 14:11:32,586 INFO :: binance BTCUSDT: Collected 1500 initial data from 2023-09-17 07:41:00 to 2023-09-18 08:40:00
2023-09-18 14:12:05,000 DEBUG :: Starting new HTTPS connection (1): ftx.com:443
2023-09-19 12:33:58,396 DEBUG :: Starting new HTTPS connection (1): fapi.binance.com:443
2023-09-19 12:33:59,433 DEBUG :: https://fapi.binance.com:443 "GET /fapi/v1/exchangeInfo HTTP/1.1" 200 None
2023-09-19 12:34:09,125 DEBUG :: Starting new HTTPS connection (1): fapi.binance.com:443
2023-09-19 12:34:09,851 DEBUG :: https://fapi.binance.com:443 "GET /fapi/v1/klines?symbol=BTCUSDT&interval=1m&limit=1500&endTime=1695106989124 HTTP/1.1" 200 None
2023-09-19 12:34:09,958 INFO :: binance BTCUSDT: Collected 1500 initial data from 2023-09-18 06:04:00 to 2023-09-19 07:03:00
2023-09-19 12:34:09,960 DEBUG :: Starting new HTTPS connection (1): fapi.binance.com:443
2023-09-19 12:34:10,586 DEBUG :: https://fapi.binance.com:443 "GET /fapi/v1/klines?symbol=BTCUSDT&interval=1m&limit=1500&startTime=1695107040000 HTTP/1.1" 200 None
2023-09-19 12:34:10,590 DEBUG :: Starting new HTTPS connection (1): fapi.binance.com:443
2023-09-19 12:34:11,336 DEBUG :: https://fapi.binance.com:443 "GET /fapi/v1/klines?symbol=BTCUSDT&interval=1m&limit=1500&endTime=1695016980000 HTTP/1.1" 200 None
2023-09-19 12:34:11,431 INFO :: binance BTCUSDT: Collected 1500 older data from 2023-09-17 05:04:00 to 2023-09-18 06:03:00
2023-09-19 12:34:12,543 DEBUG :: Starting new HTTPS connection (1): fapi.binance.com:443
2023-09-19 12:34:13,348 DEBUG :: https://fapi.binance.com:443 "GET /fapi/v1/klines?symbol=BTCUSDT&interval=1m&limit=1500&endTime=1694926980000 HTTP/1.1" 200 None
2023-09-19 12:34:13,559 INFO :: binance BTCUSDT: Collected 1500 older data from 2023-09-16 04:04:00 to 2023-09-17 05:03:00
2023-09-19 12:34:14,665 DEBUG :: Starting new HTTPS connection (1): fapi.binance.com:443
2023-09-19 12:34:15,428 DEBUG :: https://fapi.binance.com:443 "GET /fapi/v1/klines?symbol=BTCUSDT&interval=1m&limit=1500&endTime=1694836980000 HTTP/1.1" 200 None
2023-09-19 12:34:15,535 INFO :: binance BTCUSDT: Collected 1500 older data from 2023-09-15 03:04:00 to 2023-09-16 04:03:00
2023-09-19 12:34:16,650 DEBUG :: Starting new HTTPS connection (1): fapi.binance.com:443
2023-09-19 12:34:17,386 DEBUG :: https://fapi.binance.com:443 "GET /fapi/v1/klines?symbol=BTCUSDT&interval=1m&limit=1500&endTime=1694746980000 HTTP/1.1" 200 None
2023-09-19 12:34:17,496 INFO :: binance BTCUSDT: Collected 1500 older data from 2023-09-14 02:04:00 to 2023-09-15 03:03:00
2023-09-19 12:34:18,609 DEBUG :: Starting new HTTPS connection (1): fapi.binance.com:443
2023-09-19 12:34:19,400 DEBUG :: https://fapi.binance.com:443 "GET /fapi/v1/klines?symbol=BTCUSDT&interval=1m&limit=1500&endTime=1694656980000 HTTP/1.1" 200 None
2023-09-19 12:34:19,512 INFO :: binance BTCUSDT: Collected 1500 older data from 2023-09-13 01:04:00 to 2023-09-14 02:03:00
2023-09-19 12:34:20,624 DEBUG :: Starting new HTTPS connection (1): fapi.binance.com:443
2023-09-19 12:34:21,530 DEBUG :: https://fapi.binance.com:443 "GET /fapi/v1/klines?symbol=BTCUSDT&interval=1m&limit=1500&endTime=1694566980000 HTTP/1.1" 200 None
2023-09-19 12:34:21,638 INFO :: binance BTCUSDT: Collected 1500 older data from 2023-09-12 00:04:00 to 2023-09-13 01:03:00
2023-09-19 12:34:22,753 DEBUG :: Starting new HTTPS connection (1): fapi.binance.com:443
2023-09-19 12:34:23,473 DEBUG :: https://fapi.binance.com:443 "GET /fapi/v1/klines?symbol=BTCUSDT&interval=1m&limit=1500&endTime=1694476980000 HTTP/1.1" 200 None
2023-09-19 12:34:23,578 INFO :: binance BTCUSDT: Collected 1500 older data from 2023-09-10 23:04:00 to 2023-09-12 00:03:00
2023-09-19 12:34:24,691 DEBUG :: Starting new HTTPS connection (1): fapi.binance.com:443
2023-09-19 12:34:25,411 DEBUG :: https://fapi.binance.com:443 "GET /fapi/v1/klines?symbol=BTCUSDT&interval=1m&limit=1500&endTime=1694386980000 HTTP/1.1" 200 None
2023-09-19 12:34:25,516 INFO :: binance BTCUSDT: Collected 1500 older data from 2023-09-09 22:04:00 to 2023-09-10 23:03:00
2023-09-19 12:34:26,626 DEBUG :: Starting new HTTPS connection (1): fapi.binance.com:443
2023-09-19 12:34:27,357 DEBUG :: https://fapi.binance.com:443 "GET /fapi/v1/klines?symbol=BTCUSDT&interval=1m&limit=1500&endTime=1694296980000 HTTP/1.1" 200 None
2023-09-19 12:34:27,463 INFO :: binance BTCUSDT: Collected 1500 older data from 2023-09-08 21:04:00 to 2023-09-09 22:03:00
2023-09-19 12:34:28,566 DEBUG :: Starting new HTTPS connection (1): fapi.binance.com:443
2023-09-19 12:34:29,347 DEBUG :: https://fapi.binance.com:443 "GET /fapi/v1/klines?symbol=BTCUSDT&interval=1m&limit=1500&endTime=1694206980000 HTTP/1.1" 200 None
2023-09-19 12:34:29,451 INFO :: binance BTCUSDT: Collected 1500 older data from 2023-09-07 20:04:00 to 2023-09-08 21:03:00
2023-09-19 12:34:30,555 DEBUG :: Starting new HTTPS connection (1): fapi.binance.com:443
2023-09-19 12:34:31,286 DEBUG :: https://fapi.binance.com:443 "GET /fapi/v1/klines?symbol=BTCUSDT&interval=1m&limit=1500&endTime=1694116980000 HTTP/1.1" 200 None
2023-09-19 12:34:31,390 INFO :: binance BTCUSDT: Collected 1500 older data from 2023-09-06 19:04:00 to 2023-09-07 20:03:00
2023-09-19 12:34:32,499 DEBUG :: Starting new HTTPS connection (1): fapi.binance.com:443
2023-09-19 12:34:33,251 DEBUG :: https://fapi.binance.com:443 "GET /fapi/v1/klines?symbol=BTCUSDT&interval=1m&limit=1500&endTime=1694026980000 HTTP/1.1" 200 None
2023-09-19 12:34:33,355 INFO :: binance BTCUSDT: Collected 1500 older data from 2023-09-05 18:04:00 to 2023-09-06 19:03:00
2023-09-19 12:34:34,457 DEBUG :: Starting new HTTPS connection (1): fapi.binance.com:443
2023-09-19 12:34:35,105 DEBUG :: https://fapi.binance.com:443 "GET /fapi/v1/klines?symbol=BTCUSDT&interval=1m&limit=1500&endTime=1693936980000 HTTP/1.1" 200 None
2023-09-19 12:34:35,315 INFO :: binance BTCUSDT: Collected 1500 older data from 2023-09-04 17:04:00 to 2023-09-05 18:03:00
2023-09-19 12:34:36,430 DEBUG :: Starting new HTTPS connection (1): fapi.binance.com:443
2023-09-19 12:34:37,173 DEBUG :: https://fapi.binance.com:443 "GET /fapi/v1/klines?symbol=BTCUSDT&interval=1m&limit=1500&endTime=1693846980000 HTTP/1.1" 200 None
2023-09-19 12:34:37,279 INFO :: binance BTCUSDT: Collected 1500 older data from 2023-09-03 16:04:00 to 2023-09-04 17:03:00
2023-09-19 12:34:38,387 DEBUG :: Starting new HTTPS connection (1): fapi.binance.com:443
2023-09-19 12:34:39,130 DEBUG :: https://fapi.binance.com:443 "GET /fapi/v1/klines?symbol=BTCUSDT&interval=1m&limit=1500&endTime=1693756980000 HTTP/1.1" 200 None
2023-09-19 12:34:39,240 INFO :: binance BTCUSDT: Collected 1500 older data from 2023-09-02 15:04:00 to 2023-09-03 16:03:00
2023-09-19 12:34:40,343 DEBUG :: Starting new HTTPS connection (1): fapi.binance.com:443
2023-09-19 12:34:41,072 DEBUG :: https://fapi.binance.com:443 "GET /fapi/v1/klines?symbol=BTCUSDT&interval=1m&limit=1500&endTime=1693666980000 HTTP/1.1" 200 None
2023-09-19 12:34:41,179 INFO :: binance BTCUSDT: Collected 1500 older data from 2023-09-01 14:04:00 to 2023-09-02 15:03:00
2023-09-19 12:34:42,283 DEBUG :: Starting new HTTPS connection (1): fapi.binance.com:443
2023-09-19 12:34:43,064 DEBUG :: https://fapi.binance.com:443 "GET /fapi/v1/klines?symbol=BTCUSDT&interval=1m&limit=1500&endTime=1693576980000 HTTP/1.1" 200 None
2023-09-19 12:34:43,187 INFO :: binance BTCUSDT: Collected 1500 older data from 2023-08-31 13:04:00 to 2023-09-01 14:03:00
2023-09-19 12:34:44,291 DEBUG :: Starting new HTTPS connection (1): fapi.binance.com:443
2023-09-19 12:34:44,916 DEBUG :: https://fapi.binance.com:443 "GET /fapi/v1/klines?symbol=BTCUSDT&interval=1m&limit=1500&endTime=1693486980000 HTTP/1.1" 200 None
2023-09-19 12:34:45,121 INFO :: binance BTCUSDT: Collected 1500 older data from 2023-08-30 12:04:00 to 2023-08-31 13:03:00
2023-09-19 12:34:46,228 DEBUG :: Starting new HTTPS connection (1): fapi.binance.com:443
2023-09-19 12:34:46,871 DEBUG :: https://fapi.binance.com:443 "GET /fapi/v1/klines?symbol=BTCUSDT&interval=1m&limit=1500&endTime=1693396980000 HTTP/1.1" 200 None
2023-09-19 12:34:47,079 INFO :: binance BTCUSDT: Collected 1500 older data from 2023-08-29 11:04:00 to 2023-08-30 12:03:00
2023-09-19 12:34:48,181 DEBUG :: Starting new HTTPS connection (1): fapi.binance.com:443
2023-09-19 12:34:48,940 DEBUG :: https://fapi.binance.com:443 "GET /fapi/v1/klines?symbol=BTCUSDT&interval=1m&limit=1500&endTime=1693306980000 HTTP/1.1" 200 None
2023-09-19 12:34:49,030 INFO :: binance BTCUSDT: Collected 1500 older data from 2023-08-28 10:04:00 to 2023-08-29 11:03:00
2023-09-19 12:34:50,135 DEBUG :: Starting new HTTPS connection (1): fapi.binance.com:443
2023-09-19 12:34:50,860 DEBUG :: https://fapi.binance.com:443 "GET /fapi/v1/klines?symbol=BTCUSDT&interval=1m&limit=1500&endTime=1693216980000 HTTP/1.1" 200 None
2023-09-19 12:34:50,997 INFO :: binance BTCUSDT: Collected 1500 older data from 2023-08-27 09:04:00 to 2023-08-28 10:03:00
2023-09-19 12:34:52,105 DEBUG :: Starting new HTTPS connection (1): fapi.binance.com:443
2023-09-19 12:34:52,868 DEBUG :: https://fapi.binance.com:443 "GET /fapi/v1/klines?symbol=BTCUSDT&interval=1m&limit=1500&endTime=1693126980000 HTTP/1.1" 200 None
2023-09-19 12:34:52,979 INFO :: binance BTCUSDT: Collected 1500 older data from 2023-08-26 08:04:00 to 2023-08-27 09:03:00
2023-09-19 12:34:54,091 DEBUG :: Starting new HTTPS connection (1): fapi.binance.com:443
2023-09-19 12:34:54,854 DEBUG :: https://fapi.binance.com:443 "GET /fapi/v1/klines?symbol=BTCUSDT&interval=1m&limit=1500&endTime=1693036980000 HTTP/1.1" 200 None
2023-09-19 12:34:54,970 INFO :: binance BTCUSDT: Collected 1500 older data from 2023-08-25 07:04:00 to 2023-08-26 08:03:00
2023-09-19 12:34:56,076 DEBUG :: Starting new HTTPS connection (1): fapi.binance.com:443
2023-09-19 12:34:56,852 DEBUG :: https://fapi.binance.com:443 "GET /fapi/v1/klines?symbol=BTCUSDT&interval=1m&limit=1500&endTime=1692946980000 HTTP/1.1" 200 None
2023-09-19 12:34:56,952 INFO :: binance BTCUSDT: Collected 1500 older data from 2023-08-24 06:04:00 to 2023-08-25 07:03:00
2023-09-19 12:34:58,060 DEBUG :: Starting new HTTPS connection (1): fapi.binance.com:443
2023-09-19 12:34:58,789 DEBUG :: https://fapi.binance.com:443 "GET /fapi/v1/klines?symbol=BTCUSDT&interval=1m&limit=1500&endTime=1692856980000 HTTP/1.1" 200 None
2023-09-19 12:34:58,894 INFO :: binance BTCUSDT: Collected 1500 older data from 2023-08-23 05:04:00 to 2023-08-24 06:03:00
2023-09-19 12:35:00,001 DEBUG :: Starting new HTTPS connection (1): fapi.binance.com:443
2023-09-19 12:35:00,732 DEBUG :: https://fapi.binance.com:443 "GET /fapi/v1/klines?symbol=BTCUSDT&interval=1m&limit=1500&endTime=1692766980000 HTTP/1.1" 200 None
2023-09-19 12:35:00,841 INFO :: binance BTCUSDT: Collected 1500 older data from 2023-08-22 04:04:00 to 2023-08-23 05:03:00
2023-09-19 12:35:01,944 DEBUG :: Starting new HTTPS connection (1): fapi.binance.com:443
2023-09-19 12:35:02,704 DEBUG :: https://fapi.binance.com:443 "GET /fapi/v1/klines?symbol=BTCUSDT&interval=1m&limit=1500&endTime=1692676980000 HTTP/1.1" 200 None
2023-09-19 12:35:02,809 INFO :: binance BTCUSDT: Collected 1500 older data from 2023-08-21 03:04:00 to 2023-08-22 04:03:00
2023-09-19 12:35:03,919 DEBUG :: Starting new HTTPS connection (1): fapi.binance.com:443
2023-09-19 12:35:04,639 DEBUG :: https://fapi.binance.com:443 "GET /fapi/v1/klines?symbol=BTCUSDT&interval=1m&limit=1500&endTime=1692586980000 HTTP/1.1" 200 None
2023-09-19 12:35:04,748 INFO :: binance BTCUSDT: Collected 1500 older data from 2023-08-20 02:04:00 to 2023-08-21 03:03:00
2023-09-19 12:35:05,860 DEBUG :: Starting new HTTPS connection (1): fapi.binance.com:443
2023-09-19 12:35:06,613 DEBUG :: https://fapi.binance.com:443 "GET /fapi/v1/klines?symbol=BTCUSDT&interval=1m&limit=1500&endTime=1692496980000 HTTP/1.1" 200 None
2023-09-19 12:35:06,717 INFO :: binance BTCUSDT: Collected 1500 older data from 2023-08-19 01:04:00 to 2023-08-20 02:03:00
2023-09-19 12:35:07,832 DEBUG :: Starting new HTTPS connection (1): fapi.binance.com:443
2023-09-19 12:35:08,585 DEBUG :: https://fapi.binance.com:443 "GET /fapi/v1/klines?symbol=BTCUSDT&interval=1m&limit=1500&endTime=1692406980000 HTTP/1.1" 200 None
2023-09-19 12:35:08,696 INFO :: binance BTCUSDT: Collected 1500 older data from 2023-08-18 00:04:00 to 2023-08-19 01:03:00
2023-09-19 12:35:09,808 DEBUG :: Starting new HTTPS connection (1): fapi.binance.com:443
2023-09-19 12:35:10,538 DEBUG :: https://fapi.binance.com:443 "GET /fapi/v1/klines?symbol=BTCUSDT&interval=1m&limit=1500&endTime=1692316980000 HTTP/1.1" 200 None
2023-09-19 12:35:10,647 INFO :: binance BTCUSDT: Collected 1500 older data from 2023-08-16 23:04:00 to 2023-08-18 00:03:00
2023-09-19 12:35:11,759 DEBUG :: Starting new HTTPS connection (1): fapi.binance.com:443
2023-09-19 12:35:12,389 DEBUG :: https://fapi.binance.com:443 "GET /fapi/v1/klines?symbol=BTCUSDT&interval=1m&limit=1500&endTime=1692226980000 HTTP/1.1" 200 None
2023-09-19 12:35:12,600 INFO :: binance BTCUSDT: Collected 1500 older data from 2023-08-15 22:04:00 to 2023-08-16 23:03:00
2023-09-19 12:35:13,704 DEBUG :: Starting new HTTPS connection (1): fapi.binance.com:443
2023-09-19 12:35:14,435 DEBUG :: https://fapi.binance.com:443 "GET /fapi/v1/klines?symbol=BTCUSDT&interval=1m&limit=1500&endTime=1692136980000 HTTP/1.1" 200 None
2023-09-19 12:35:14,543 INFO :: binance BTCUSDT: Collected 1500 older data from 2023-08-14 21:04:00 to 2023-08-15 22:03:00
2023-09-19 12:35:15,653 DEBUG :: Starting new HTTPS connection (1): fapi.binance.com:443
2023-09-19 12:35:16,287 DEBUG :: https://fapi.binance.com:443 "GET /fapi/v1/klines?symbol=BTCUSDT&interval=1m&limit=1500&endTime=1692046980000 HTTP/1.1" 200 None
2023-09-19 12:35:16,496 INFO :: binance BTCUSDT: Collected 1500 older data from 2023-08-13 20:04:00 to 2023-08-14 21:03:00
2023-09-19 12:35:17,599 DEBUG :: Starting new HTTPS connection (1): fapi.binance.com:443
2023-09-19 12:35:18,331 DEBUG :: https://fapi.binance.com:443 "GET /fapi/v1/klines?symbol=BTCUSDT&interval=1m&limit=1500&endTime=1691956980000 HTTP/1.1" 200 None
2023-09-19 12:35:18,432 INFO :: binance BTCUSDT: Collected 1500 older data from 2023-08-12 19:04:00 to 2023-08-13 20:03:00
2023-09-19 12:35:19,538 DEBUG :: Starting new HTTPS connection (1): fapi.binance.com:443
2023-09-19 12:35:20,315 DEBUG :: https://fapi.binance.com:443 "GET /fapi/v1/klines?symbol=BTCUSDT&interval=1m&limit=1500&endTime=1691866980000 HTTP/1.1" 200 None
2023-09-19 12:35:20,431 INFO :: binance BTCUSDT: Collected 1500 older data from 2023-08-11 18:04:00 to 2023-08-12 19:03:00
2023-09-19 12:35:21,543 DEBUG :: Starting new HTTPS connection (1): fapi.binance.com:443
2023-09-19 12:35:22,446 DEBUG :: https://fapi.binance.com:443 "GET /fapi/v1/klines?symbol=BTCUSDT&interval=1m&limit=1500&endTime=1691776980000 HTTP/1.1" 200 None
2023-09-19 12:35:22,557 INFO :: binance BTCUSDT: Collected 1500 older data from 2023-08-10 17:04:00 to 2023-08-11 18:03:00
2023-09-19 12:35:23,664 DEBUG :: Starting new HTTPS connection (1): fapi.binance.com:443
2023-09-19 12:35:24,399 DEBUG :: https://fapi.binance.com:443 "GET /fapi/v1/klines?symbol=BTCUSDT&interval=1m&limit=1500&endTime=1691686980000 HTTP/1.1" 200 None
2023-09-19 12:35:24,506 INFO :: binance BTCUSDT: Collected 1500 older data from 2023-08-09 16:04:00 to 2023-08-10 17:03:00
2023-09-19 12:35:25,610 DEBUG :: Starting new HTTPS connection (1): fapi.binance.com:443
2023-09-19 12:35:26,374 DEBUG :: https://fapi.binance.com:443 "GET /fapi/v1/klines?symbol=BTCUSDT&interval=1m&limit=1500&endTime=1691596980000 HTTP/1.1" 200 None
2023-09-19 12:35:26,496 INFO :: binance BTCUSDT: Collected 1500 older data from 2023-08-08 15:04:00 to 2023-08-09 16:03:00
2023-09-19 12:35:27,599 DEBUG :: Starting new HTTPS connection (1): fapi.binance.com:443
2023-09-19 12:35:28,494 DEBUG :: https://fapi.binance.com:443 "GET /fapi/v1/klines?symbol=BTCUSDT&interval=1m&limit=1500&endTime=1691506980000 HTTP/1.1" 200 None
2023-09-19 12:35:28,603 INFO :: binance BTCUSDT: Collected 1500 older data from 2023-08-07 14:04:00 to 2023-08-08 15:03:00
2023-09-19 12:35:29,707 DEBUG :: Starting new HTTPS connection (1): fapi.binance.com:443
2023-09-19 12:35:30,441 DEBUG :: https://fapi.binance.com:443 "GET /fapi/v1/klines?symbol=BTCUSDT&interval=1m&limit=1500&endTime=1691416980000 HTTP/1.1" 200 None
2023-09-19 12:35:30,550 INFO :: binance BTCUSDT: Collected 1500 older data from 2023-08-06 13:04:00 to 2023-08-07 14:03:00
2023-09-19 12:35:31,662 DEBUG :: Starting new HTTPS connection (1): fapi.binance.com:443
2023-09-19 12:35:32,419 DEBUG :: https://fapi.binance.com:443 "GET /fapi/v1/klines?symbol=BTCUSDT&interval=1m&limit=1500&endTime=1691326980000 HTTP/1.1" 200 None
2023-09-19 12:35:32,530 INFO :: binance BTCUSDT: Collected 1500 older data from 2023-08-05 12:04:00 to 2023-08-06 13:03:00
2023-09-19 12:35:33,639 DEBUG :: Starting new HTTPS connection (1): fapi.binance.com:443
2023-09-19 12:35:34,446 DEBUG :: https://fapi.binance.com:443 "GET /fapi/v1/klines?symbol=BTCUSDT&interval=1m&limit=1500&endTime=1691236980000 HTTP/1.1" 200 None
2023-09-19 12:35:34,560 INFO :: binance BTCUSDT: Collected 1500 older data from 2023-08-04 11:04:00 to 2023-08-05 12:03:00
2023-09-19 12:40:40,220 DEBUG :: Starting new HTTPS connection (1): ftx.com:443
2023-09-21 10:32:53,920 DEBUG :: Starting new HTTPS connection (1): fapi.binance.com:443
2023-09-21 10:32:54,536 DEBUG :: https://fapi.binance.com:443 "GET /fapi/v1/exchangeInfo HTTP/1.1" 200 None
2023-09-21 10:33:00,871 DEBUG :: Starting new HTTPS connection (1): fapi.binance.com:443
2023-09-21 10:33:01,370 DEBUG :: https://fapi.binance.com:443 "GET /fapi/v1/klines?symbol=BTCUSDT&interval=1m&limit=1500&endTime=1695272520870 HTTP/1.1" 200 None
2023-09-21 10:33:01,572 INFO :: binance BTCUSDT: Collected 1500 initial data from 2023-09-20 04:03:00 to 2023-09-21 05:02:00
2023-09-21 10:33:01,577 DEBUG :: Starting new HTTPS connection (1): fapi.binance.com:443
2023-09-21 10:33:02,058 DEBUG :: https://fapi.binance.com:443 "GET /fapi/v1/klines?symbol=BTCUSDT&interval=1m&limit=1500&startTime=1695272580000 HTTP/1.1" 200 2
2023-09-21 10:33:02,064 WARNING :: BTCUSDT: No data to insert
2023-09-21 10:33:02,067 DEBUG :: Starting new HTTPS connection (1): fapi.binance.com:443
2023-09-21 10:33:02,697 DEBUG :: https://fapi.binance.com:443 "GET /fapi/v1/klines?symbol=BTCUSDT&interval=1m&limit=1500&endTime=1695182520000 HTTP/1.1" 200 None
2023-09-21 10:33:02,816 INFO :: binance BTCUSDT: Collected 1500 older data from 2023-09-19 03:03:00 to 2023-09-20 04:02:00
2023-09-21 10:33:03,923 DEBUG :: Starting new HTTPS connection (1): fapi.binance.com:443
2023-09-21 10:33:04,432 DEBUG :: https://fapi.binance.com:443 "GET /fapi/v1/klines?symbol=BTCUSDT&interval=1m&limit=1500&endTime=1695092520000 HTTP/1.1" 200 None
2023-09-21 10:33:04,632 INFO :: binance BTCUSDT: Collected 1500 older data from 2023-09-18 02:03:00 to 2023-09-19 03:02:00
2023-09-21 10:33:05,743 DEBUG :: Starting new HTTPS connection (1): fapi.binance.com:443
2023-09-21 10:33:06,253 DEBUG :: https://fapi.binance.com:443 "GET /fapi/v1/klines?symbol=BTCUSDT&interval=1m&limit=1500&endTime=1695002520000 HTTP/1.1" 200 None
2023-09-21 10:33:06,450 INFO :: binance BTCUSDT: Collected 1500 older data from 2023-09-17 01:03:00 to 2023-09-18 02:02:00
2023-09-21 10:33:07,553 DEBUG :: Starting new HTTPS connection (1): fapi.binance.com:443
2023-09-21 10:33:08,051 DEBUG :: https://fapi.binance.com:443 "GET /fapi/v1/klines?symbol=BTCUSDT&interval=1m&limit=1500&endTime=1694912520000 HTTP/1.1" 200 None
2023-09-21 10:33:08,250 INFO :: binance BTCUSDT: Collected 1500 older data from 2023-09-16 00:03:00 to 2023-09-17 01:02:00
2023-09-21 10:33:09,354 DEBUG :: Starting new HTTPS connection (1): fapi.binance.com:443
2023-09-21 10:33:09,981 DEBUG :: https://fapi.binance.com:443 "GET /fapi/v1/klines?symbol=BTCUSDT&interval=1m&limit=1500&endTime=1694822520000 HTTP/1.1" 200 None
2023-09-21 10:33:10,093 INFO :: binance BTCUSDT: Collected 1500 older data from 2023-09-14 23:03:00 to 2023-09-16 00:02:00
2023-09-21 10:33:11,207 DEBUG :: Starting new HTTPS connection (1): fapi.binance.com:443
2023-09-21 10:33:11,716 DEBUG :: https://fapi.binance.com:443 "GET /fapi/v1/klines?symbol=BTCUSDT&interval=1m&limit=1500&endTime=1694732520000 HTTP/1.1" 200 None
2023-09-21 10:33:11,917 INFO :: binance BTCUSDT: Collected 1500 older data from 2023-09-13 22:03:00 to 2023-09-14 23:02:00
2023-09-21 10:33:13,030 DEBUG :: Starting new HTTPS connection (1): fapi.binance.com:443
2023-09-21 10:33:13,536 DEBUG :: https://fapi.binance.com:443 "GET /fapi/v1/klines?symbol=BTCUSDT&interval=1m&limit=1500&endTime=1694642520000 HTTP/1.1" 200 None
2023-09-21 10:33:13,761 INFO :: binance BTCUSDT: Collected 1500 older data from 2023-09-12 21:03:00 to 2023-09-13 22:02:00
2023-09-21 10:33:14,869 DEBUG :: Starting new HTTPS connection (1): fapi.binance.com:443
2023-09-21 10:33:15,464 DEBUG :: https://fapi.binance.com:443 "GET /fapi/v1/klines?symbol=BTCUSDT&interval=1m&limit=1500&endTime=1694552520000 HTTP/1.1" 200 None
2023-09-21 10:33:15,576 INFO :: binance BTCUSDT: Collected 1500 older data from 2023-09-11 20:03:00 to 2023-09-12 21:02:00
2023-09-21 10:33:16,686 DEBUG :: Starting new HTTPS connection (1): fapi.binance.com:443
2023-09-21 10:33:17,202 DEBUG :: https://fapi.binance.com:443 "GET /fapi/v1/klines?symbol=BTCUSDT&interval=1m&limit=1500&endTime=1694462520000 HTTP/1.1" 200 None
2023-09-21 10:33:17,405 INFO :: binance BTCUSDT: Collected 1500 older data from 2023-09-10 19:03:00 to 2023-09-11 20:02:00
2023-09-21 10:33:18,519 DEBUG :: Starting new HTTPS connection (1): fapi.binance.com:443
2023-09-21 10:33:19,027 DEBUG :: https://fapi.binance.com:443 "GET /fapi/v1/klines?symbol=BTCUSDT&interval=1m&limit=1500&endTime=1694372520000 HTTP/1.1" 200 None
2023-09-21 10:33:19,229 INFO :: binance BTCUSDT: Collected 1500 older data from 2023-09-09 18:03:00 to 2023-09-10 19:02:00
2023-09-21 10:33:20,347 DEBUG :: Starting new HTTPS connection (1): fapi.binance.com:443
2023-09-21 10:33:20,871 DEBUG :: https://fapi.binance.com:443 "GET /fapi/v1/klines?symbol=BTCUSDT&interval=1m&limit=1500&endTime=1694282520000 HTTP/1.1" 200 None
2023-09-21 10:33:21,076 INFO :: binance BTCUSDT: Collected 1500 older data from 2023-09-08 17:03:00 to 2023-09-09 18:02:00
2023-09-21 10:33:22,183 DEBUG :: Starting new HTTPS connection (1): fapi.binance.com:443
2023-09-21 10:33:22,818 DEBUG :: https://fapi.binance.com:443 "GET /fapi/v1/klines?symbol=BTCUSDT&interval=1m&limit=1500&endTime=1694192520000 HTTP/1.1" 200 None
2023-09-21 10:33:22,938 INFO :: binance BTCUSDT: Collected 1500 older data from 2023-09-07 16:03:00 to 2023-09-08 17:02:00
2023-09-21 10:33:24,056 DEBUG :: Starting new HTTPS connection (1): fapi.binance.com:443
2023-09-21 10:33:24,699 DEBUG :: https://fapi.binance.com:443 "GET /fapi/v1/klines?symbol=BTCUSDT&interval=1m&limit=1500&endTime=1694102520000 HTTP/1.1" 200 None
2023-09-21 10:33:24,819 INFO :: binance BTCUSDT: Collected 1500 older data from 2023-09-06 15:03:00 to 2023-09-07 16:02:00
2023-09-21 10:33:25,924 DEBUG :: Starting new HTTPS connection (1): fapi.binance.com:443
2023-09-21 10:33:26,529 DEBUG :: https://fapi.binance.com:443 "GET /fapi/v1/klines?symbol=BTCUSDT&interval=1m&limit=1500&endTime=1694012520000 HTTP/1.1" 200 None
2023-09-21 10:33:26,654 INFO :: binance BTCUSDT: Collected 1500 older data from 2023-09-05 14:03:00 to 2023-09-06 15:02:00
2023-09-21 10:33:27,758 DEBUG :: Starting new HTTPS connection (1): fapi.binance.com:443
2023-09-21 10:33:28,371 DEBUG :: https://fapi.binance.com:443 "GET /fapi/v1/klines?symbol=BTCUSDT&interval=1m&limit=1500&endTime=1693922520000 HTTP/1.1" 200 None
2023-09-21 10:33:28,484 INFO :: binance BTCUSDT: Collected 1500 older data from 2023-09-04 13:03:00 to 2023-09-05 14:02:00
2023-09-21 10:33:29,601 DEBUG :: Starting new HTTPS connection (1): fapi.binance.com:443
2023-09-21 10:33:30,108 DEBUG :: https://fapi.binance.com:443 "GET /fapi/v1/klines?symbol=BTCUSDT&interval=1m&limit=1500&endTime=1693832520000 HTTP/1.1" 200 None
2023-09-21 10:33:30,304 INFO :: binance BTCUSDT: Collected 1500 older data from 2023-09-03 12:03:00 to 2023-09-04 13:02:00
2023-09-21 10:33:31,407 DEBUG :: Starting new HTTPS connection (1): fapi.binance.com:443
2023-09-21 10:33:32,057 DEBUG :: https://fapi.binance.com:443 "GET /fapi/v1/klines?symbol=BTCUSDT&interval=1m&limit=1500&endTime=1693742520000 HTTP/1.1" 200 None
2023-09-21 10:33:32,171 INFO :: binance BTCUSDT: Collected 1500 older data from 2023-09-02 11:03:00 to 2023-09-03 12:02:00
2023-09-21 10:33:33,275 DEBUG :: Starting new HTTPS connection (1): fapi.binance.com:443
2023-09-21 10:33:33,773 DEBUG :: https://fapi.binance.com:443 "GET /fapi/v1/klines?symbol=BTCUSDT&interval=1m&limit=1500&endTime=1693652520000 HTTP/1.1" 200 None
2023-09-21 10:33:33,977 INFO :: binance BTCUSDT: Collected 1500 older data from 2023-09-01 10:03:00 to 2023-09-02 11:02:00
2023-09-21 10:33:35,094 DEBUG :: Starting new HTTPS connection (1): fapi.binance.com:443
2023-09-21 10:33:35,693 DEBUG :: https://fapi.binance.com:443 "GET /fapi/v1/klines?symbol=BTCUSDT&interval=1m&limit=1500&endTime=1693562520000 HTTP/1.1" 200 None
2023-09-21 10:33:35,803 INFO :: binance BTCUSDT: Collected 1500 older data from 2023-08-31 09:03:00 to 2023-09-01 10:02:00
2023-09-21 10:33:36,912 DEBUG :: Starting new HTTPS connection (1): fapi.binance.com:443
2023-09-21 10:33:37,511 DEBUG :: https://fapi.binance.com:443 "GET /fapi/v1/klines?symbol=BTCUSDT&interval=1m&limit=1500&endTime=1693472520000 HTTP/1.1" 200 None
2023-09-21 10:33:37,613 INFO :: binance BTCUSDT: Collected 1500 older data from 2023-08-30 08:03:00 to 2023-08-31 09:02:00
2023-09-21 10:33:38,722 DEBUG :: Starting new HTTPS connection (1): fapi.binance.com:443
2023-09-21 10:33:39,225 DEBUG :: https://fapi.binance.com:443 "GET /fapi/v1/klines?symbol=BTCUSDT&interval=1m&limit=1500&endTime=1693382520000 HTTP/1.1" 200 None
2023-09-21 10:33:39,434 INFO :: binance BTCUSDT: Collected 1500 older data from 2023-08-29 07:03:00 to 2023-08-30 08:02:00
2023-09-21 10:33:40,547 DEBUG :: Starting new HTTPS connection (1): fapi.binance.com:443
2023-09-21 10:33:41,170 DEBUG :: https://fapi.binance.com:443 "GET /fapi/v1/klines?symbol=BTCUSDT&interval=1m&limit=1500&endTime=1693292520000 HTTP/1.1" 200 None
2023-09-21 10:33:41,282 INFO :: binance BTCUSDT: Collected 1500 older data from 2023-08-28 06:03:00 to 2023-08-29 07:02:00
2023-09-21 10:33:42,394 DEBUG :: Starting new HTTPS connection (1): fapi.binance.com:443
2023-09-21 10:33:42,988 DEBUG :: https://fapi.binance.com:443 "GET /fapi/v1/klines?symbol=BTCUSDT&interval=1m&limit=1500&endTime=1693202520000 HTTP/1.1" 200 None
2023-09-21 10:33:43,098 INFO :: binance BTCUSDT: Collected 1500 older data from 2023-08-27 05:03:00 to 2023-08-28 06:02:00
2023-09-21 10:33:44,216 DEBUG :: Starting new HTTPS connection (1): fapi.binance.com:443
2023-09-21 10:33:44,809 DEBUG :: https://fapi.binance.com:443 "GET /fapi/v1/klines?symbol=BTCUSDT&interval=1m&limit=1500&endTime=1693112520000 HTTP/1.1" 200 None
2023-09-21 10:33:44,919 INFO :: binance BTCUSDT: Collected 1500 older data from 2023-08-26 04:03:00 to 2023-08-27 05:02:00
2023-09-21 10:33:46,030 DEBUG :: Starting new HTTPS connection (1): fapi.binance.com:443
2023-09-21 10:33:46,540 DEBUG :: https://fapi.binance.com:443 "GET /fapi/v1/klines?symbol=BTCUSDT&interval=1m&limit=1500&endTime=1693022520000 HTTP/1.1" 200 None
2023-09-21 10:33:46,842 INFO :: binance BTCUSDT: Collected 1500 older data from 2023-08-25 03:03:00 to 2023-08-26 04:02:00
2023-09-21 10:33:47,956 DEBUG :: Starting new HTTPS connection (1): fapi.binance.com:443
2023-09-21 10:33:48,562 DEBUG :: https://fapi.binance.com:443 "GET /fapi/v1/klines?symbol=BTCUSDT&interval=1m&limit=1500&endTime=1692932520000 HTTP/1.1" 200 None
2023-09-21 10:33:48,669 INFO :: binance BTCUSDT: Collected 1500 older data from 2023-08-24 02:03:00 to 2023-08-25 03:02:00
2023-09-21 10:33:49,776 DEBUG :: Starting new HTTPS connection (1): fapi.binance.com:443
2023-09-21 10:33:50,284 DEBUG :: https://fapi.binance.com:443 "GET /fapi/v1/klines?symbol=BTCUSDT&interval=1m&limit=1500&endTime=1692842520000 HTTP/1.1" 200 None
2023-09-25 15:03:11,206 DEBUG :: Starting new HTTPS connection (1): fapi.binance.com:443
2023-09-25 15:03:12,191 DEBUG :: https://fapi.binance.com:443 "GET /fapi/v1/exchangeInfo HTTP/1.1" 200 None
2023-09-25 15:04:07,521 INFO :: Retrieved 33000 BTCUSDT data from database in 0.04 seconds
2023-09-25 15:04:44,979 DEBUG :: Starting new HTTPS connection (1): fapi.binance.com:443
2023-09-25 15:04:45,916 DEBUG :: https://fapi.binance.com:443 "GET /fapi/v1/exchangeInfo HTTP/1.1" 200 None
2023-09-25 15:05:41,885 INFO :: Retrieved 0 BTCUSDT data from database in 0.03 seconds
2023-09-25 15:11:19,330 DEBUG :: Starting new HTTPS connection (1): fapi.binance.com:443
2023-09-25 15:11:22,773 DEBUG :: https://fapi.binance.com:443 "GET /fapi/v1/exchangeInfo HTTP/1.1" 200 None
2023-09-25 15:12:42,576 INFO :: Retrieved 33000 BTCUSDT data from database in 0.02 seconds
2023-09-25 15:13:06,738 DEBUG :: Starting new HTTPS connection (1): fapi.binance.com:443
2023-09-25 15:13:09,393 DEBUG :: https://fapi.binance.com:443 "GET /fapi/v1/exchangeInfo HTTP/1.1" 200 None
2023-09-25 15:13:31,371 INFO :: Retrieved 33000 BTCUSDT data from database in 0.04 seconds
2023-09-27 19:44:46,115 DEBUG :: Starting new HTTPS connection (1): fapi.binance.com:443
2023-09-27 19:44:46,844 DEBUG :: https://fapi.binance.com:443 "GET /fapi/v1/exchangeInfo HTTP/1.1" 200 None
2023-09-27 19:44:52,850 DEBUG :: Starting new HTTPS connection (1): fapi.binance.com:443
2023-09-27 19:44:53,622 DEBUG :: https://fapi.binance.com:443 "GET /fapi/v1/klines?symbol=BTCUSDT&interval=1m&limit=1500&startTime=1695272580000 HTTP/1.1" 200 None
2023-09-27 19:44:53,766 INFO :: binance BTCUSDT: Collected 1499 recent data from 2023-09-21 05:03:00 to 2023-09-22 06:01:00
2023-09-27 19:44:54,882 DEBUG :: Starting new HTTPS connection (1): fapi.binance.com:443
2023-09-27 19:44:55,457 DEBUG :: https://fapi.binance.com:443 "GET /fapi/v1/klines?symbol=BTCUSDT&interval=1m&limit=1500&startTime=1695362520000 HTTP/1.1" 200 None
2023-09-27 19:44:55,666 INFO :: binance BTCUSDT: Collected 1499 recent data from 2023-09-22 06:02:00 to 2023-09-23 07:00:00
2023-09-27 19:44:56,771 DEBUG :: Starting new HTTPS connection (1): fapi.binance.com:443
2023-09-27 19:44:57,459 DEBUG :: https://fapi.binance.com:443 "GET /fapi/v1/klines?symbol=BTCUSDT&interval=1m&limit=1500&startTime=1695452460000 HTTP/1.1" 200 None
2023-09-27 19:44:57,581 INFO :: binance BTCUSDT: Collected 1499 recent data from 2023-09-23 07:01:00 to 2023-09-24 07:59:00
2023-09-27 19:44:58,698 DEBUG :: Starting new HTTPS connection (1): fapi.binance.com:443
2023-09-27 19:44:59,336 DEBUG :: https://fapi.binance.com:443 "GET /fapi/v1/klines?symbol=BTCUSDT&interval=1m&limit=1500&startTime=1695542400000 HTTP/1.1" 200 None
2023-09-27 19:44:59,452 INFO :: binance BTCUSDT: Collected 1499 recent data from 2023-09-24 08:00:00 to 2023-09-25 08:58:00
2023-09-27 19:45:00,558 DEBUG :: Starting new HTTPS connection (1): fapi.binance.com:443
2023-09-27 19:45:02,083 DEBUG :: https://fapi.binance.com:443 "GET /fapi/v1/klines?symbol=BTCUSDT&interval=1m&limit=1500&startTime=1695632340000 HTTP/1.1" 200 None
2023-09-27 19:45:02,227 INFO :: binance BTCUSDT: Collected 1499 recent data from 2023-09-25 08:59:00 to 2023-09-26 09:57:00
2023-09-27 19:45:03,335 DEBUG :: Starting new HTTPS connection (1): fapi.binance.com:443
2023-09-27 19:45:04,072 DEBUG :: https://fapi.binance.com:443 "GET /fapi/v1/klines?symbol=BTCUSDT&interval=1m&limit=1500&startTime=1695722280000 HTTP/1.1" 200 None
2023-09-27 19:45:04,197 INFO :: binance BTCUSDT: Collected 1499 recent data from 2023-09-26 09:58:00 to 2023-09-27 10:56:00
2023-09-27 19:45:05,307 DEBUG :: Starting new HTTPS connection (1): fapi.binance.com:443
2023-09-27 19:45:05,871 DEBUG :: https://fapi.binance.com:443 "GET /fapi/v1/klines?symbol=BTCUSDT&interval=1m&limit=1500&startTime=1695812220000 HTTP/1.1" 200 None
2023-09-27 19:45:05,876 INFO :: binance BTCUSDT: Collected 198 recent data from 2023-09-27 10:57:00 to 2023-09-27 14:14:00
2023-09-27 19:45:06,984 DEBUG :: Starting new HTTPS connection (1): fapi.binance.com:443
2023-09-27 19:45:07,586 DEBUG :: https://fapi.binance.com:443 "GET /fapi/v1/klines?symbol=BTCUSDT&interval=1m&limit=1500&startTime=1695824100000 HTTP/1.1" 200 None
2023-09-27 19:45:07,634 DEBUG :: Starting new HTTPS connection (1): fapi.binance.com:443
2023-09-27 19:45:08,154 DEBUG :: https://fapi.binance.com:443 "GET /fapi/v1/klines?symbol=BTCUSDT&interval=1m&limit=1500&endTime=1693292520000 HTTP/1.1" 200 None
2023-09-27 19:45:08,359 INFO :: binance BTCUSDT: Collected 1500 older data from 2023-08-28 06:03:00 to 2023-08-29 07:02:00
2023-09-27 19:45:09,466 DEBUG :: Starting new HTTPS connection (1): fapi.binance.com:443
2023-09-27 19:45:10,166 DEBUG :: https://fapi.binance.com:443 "GET /fapi/v1/klines?symbol=BTCUSDT&interval=1m&limit=1500&endTime=1693202520000 HTTP/1.1" 200 None
2023-09-27 19:45:10,280 INFO :: binance BTCUSDT: Collected 1500 older data from 2023-08-27 05:03:00 to 2023-08-28 06:02:00
2023-09-27 19:45:11,391 DEBUG :: Starting new HTTPS connection (1): fapi.binance.com:443
2023-09-27 19:45:12,058 DEBUG :: https://fapi.binance.com:443 "GET /fapi/v1/klines?symbol=BTCUSDT&interval=1m&limit=1500&endTime=1693112520000 HTTP/1.1" 200 None
2023-09-27 19:45:12,169 INFO :: binance BTCUSDT: Collected 1500 older data from 2023-08-26 04:03:00 to 2023-08-27 05:02:00
2023-09-27 19:45:13,278 DEBUG :: Starting new HTTPS connection (1): fapi.binance.com:443
2023-09-27 19:45:14,063 DEBUG :: https://fapi.binance.com:443 "GET /fapi/v1/klines?symbol=BTCUSDT&interval=1m&limit=1500&endTime=1693022520000 HTTP/1.1" 200 None
2023-09-27 19:45:14,224 INFO :: binance BTCUSDT: Collected 1500 older data from 2023-08-25 03:03:00 to 2023-08-26 04:02:00
2023-09-27 19:45:15,330 DEBUG :: Starting new HTTPS connection (1): fapi.binance.com:443
2023-09-27 19:45:16,068 DEBUG :: https://fapi.binance.com:443 "GET /fapi/v1/klines?symbol=BTCUSDT&interval=1m&limit=1500&endTime=1692932520000 HTTP/1.1" 200 None
2023-09-27 19:45:16,167 INFO :: binance BTCUSDT: Collected 1500 older data from 2023-08-24 02:03:00 to 2023-08-25 03:02:00
2023-09-27 19:45:17,278 DEBUG :: Starting new HTTPS connection (1): fapi.binance.com:443
2023-09-27 19:45:17,997 DEBUG :: https://fapi.binance.com:443 "GET /fapi/v1/klines?symbol=BTCUSDT&interval=1m&limit=1500&endTime=1692842520000 HTTP/1.1" 200 None
2023-09-27 19:45:18,079 INFO :: binance BTCUSDT: Collected 1500 older data from 2023-08-23 01:03:00 to 2023-08-24 02:02:00
2023-09-27 19:45:19,196 DEBUG :: Starting new HTTPS connection (1): fapi.binance.com:443
2023-09-27 19:45:19,887 DEBUG :: https://fapi.binance.com:443 "GET /fapi/v1/klines?symbol=BTCUSDT&interval=1m&limit=1500&endTime=1692752520000 HTTP/1.1" 200 None
2023-09-27 19:45:20,073 INFO :: binance BTCUSDT: Collected 1500 older data from 2023-08-22 00:03:00 to 2023-08-23 01:02:00
2023-09-27 19:45:21,190 DEBUG :: Starting new HTTPS connection (1): fapi.binance.com:443
2023-09-27 19:45:21,881 DEBUG :: https://fapi.binance.com:443 "GET /fapi/v1/klines?symbol=BTCUSDT&interval=1m&limit=1500&endTime=1692662520000 HTTP/1.1" 200 None
2023-09-27 19:45:21,993 INFO :: binance BTCUSDT: Collected 1500 older data from 2023-08-20 23:03:00 to 2023-08-22 00:02:00
2023-09-27 19:45:23,110 DEBUG :: Starting new HTTPS connection (1): fapi.binance.com:443
2023-09-27 19:45:23,935 DEBUG :: https://fapi.binance.com:443 "GET /fapi/v1/klines?symbol=BTCUSDT&interval=1m&limit=1500&endTime=1692572520000 HTTP/1.1" 200 None
2023-09-27 19:45:24,038 INFO :: binance BTCUSDT: Collected 1500 older data from 2023-08-19 22:03:00 to 2023-08-20 23:02:00
2023-09-27 19:45:25,150 DEBUG :: Starting new HTTPS connection (1): fapi.binance.com:443
2023-09-27 19:45:25,881 DEBUG :: https://fapi.binance.com:443 "GET /fapi/v1/klines?symbol=BTCUSDT&interval=1m&limit=1500&endTime=1692482520000 HTTP/1.1" 200 None
2023-09-27 19:45:25,997 INFO :: binance BTCUSDT: Collected 1500 older data from 2023-08-18 21:03:00 to 2023-08-19 22:02:00
2023-09-27 19:45:27,112 DEBUG :: Starting new HTTPS connection (1): fapi.binance.com:443
2023-09-27 19:45:27,830 DEBUG :: https://fapi.binance.com:443 "GET /fapi/v1/klines?symbol=BTCUSDT&interval=1m&limit=1500&endTime=1692392520000 HTTP/1.1" 200 None
2023-09-27 19:45:27,949 INFO :: binance BTCUSDT: Collected 1500 older data from 2023-08-17 20:03:00 to 2023-08-18 21:02:00
2023-09-27 19:45:29,056 DEBUG :: Starting new HTTPS connection (1): fapi.binance.com:443
2023-09-27 19:45:30,612 DEBUG :: https://fapi.binance.com:443 "GET /fapi/v1/klines?symbol=BTCUSDT&interval=1m&limit=1500&endTime=1692302520000 HTTP/1.1" 200 None
2023-09-27 19:45:30,677 INFO :: binance BTCUSDT: Collected 1500 older data from 2023-08-16 19:03:00 to 2023-08-17 20:02:00
2023-09-27 19:45:31,787 DEBUG :: Starting new HTTPS connection (1): fapi.binance.com:443
2023-09-27 19:45:32,428 DEBUG :: https://fapi.binance.com:443 "GET /fapi/v1/klines?symbol=BTCUSDT&interval=1m&limit=1500&endTime=1692212520000 HTTP/1.1" 200 None
2023-09-27 19:45:32,547 INFO :: binance BTCUSDT: Collected 1500 older data from 2023-08-15 18:03:00 to 2023-08-16 19:02:00
2023-09-27 19:45:33,650 DEBUG :: Starting new HTTPS connection (1): fapi.binance.com:443
2023-09-27 19:45:34,333 DEBUG :: https://fapi.binance.com:443 "GET /fapi/v1/klines?symbol=BTCUSDT&interval=1m&limit=1500&endTime=1692122520000 HTTP/1.1" 200 None
2023-09-27 19:45:34,553 INFO :: binance BTCUSDT: Collected 1500 older data from 2023-08-14 17:03:00 to 2023-08-15 18:02:00
2023-09-27 19:45:35,669 DEBUG :: Starting new HTTPS connection (1): fapi.binance.com:443
2023-09-27 19:45:36,215 DEBUG :: https://fapi.binance.com:443 "GET /fapi/v1/klines?symbol=BTCUSDT&interval=1m&limit=1500&endTime=1692032520000 HTTP/1.1" 200 None
2023-09-27 19:45:37,687 INFO :: binance BTCUSDT: Collected 1500 older data from 2023-08-13 16:03:00 to 2023-08-14 17:02:00
2023-09-27 19:45:38,806 DEBUG :: Starting new HTTPS connection (1): fapi.binance.com:443
2023-09-27 19:45:39,444 DEBUG :: https://fapi.binance.com:443 "GET /fapi/v1/klines?symbol=BTCUSDT&interval=1m&limit=1500&endTime=1691942520000 HTTP/1.1" 200 None
2023-09-27 19:45:39,550 INFO :: binance BTCUSDT: Collected 1500 older data from 2023-08-12 15:03:00 to 2023-08-13 16:02:00
2023-09-27 19:45:40,668 DEBUG :: Starting new HTTPS connection (1): fapi.binance.com:443
2023-09-27 19:45:41,302 DEBUG :: https://fapi.binance.com:443 "GET /fapi/v1/klines?symbol=BTCUSDT&interval=1m&limit=1500&endTime=1691852520000 HTTP/1.1" 200 None
2023-09-27 19:45:41,421 INFO :: binance BTCUSDT: Collected 1500 older data from 2023-08-11 14:03:00 to 2023-08-12 15:02:00
2023-09-27 19:45:42,534 DEBUG :: Starting new HTTPS connection (1): fapi.binance.com:443
2023-09-27 19:45:43,250 DEBUG :: https://fapi.binance.com:443 "GET /fapi/v1/klines?symbol=BTCUSDT&interval=1m&limit=1500&endTime=1691762520000 HTTP/1.1" 200 None
2023-09-27 19:45:43,361 INFO :: binance BTCUSDT: Collected 1500 older data from 2023-08-10 13:03:00 to 2023-08-11 14:02:00
2023-09-27 19:45:44,471 DEBUG :: Starting new HTTPS connection (1): fapi.binance.com:443
2023-09-27 19:45:45,133 DEBUG :: https://fapi.binance.com:443 "GET /fapi/v1/klines?symbol=BTCUSDT&interval=1m&limit=1500&endTime=1691672520000 HTTP/1.1" 200 None
2023-09-27 19:45:45,337 INFO :: binance BTCUSDT: Collected 1500 older data from 2023-08-09 12:03:00 to 2023-08-10 13:02:00
2023-09-27 19:45:46,443 DEBUG :: Starting new HTTPS connection (1): fapi.binance.com:443
2023-09-27 19:45:47,159 DEBUG :: https://fapi.binance.com:443 "GET /fapi/v1/klines?symbol=BTCUSDT&interval=1m&limit=1500&endTime=1691582520000 HTTP/1.1" 200 None
2023-09-27 19:45:47,275 INFO :: binance BTCUSDT: Collected 1500 older data from 2023-08-08 11:03:00 to 2023-08-09 12:02:00
2023-09-27 19:45:48,391 DEBUG :: Starting new HTTPS connection (1): fapi.binance.com:443
2023-09-27 19:45:49,128 DEBUG :: https://fapi.binance.com:443 "GET /fapi/v1/klines?symbol=BTCUSDT&interval=1m&limit=1500&endTime=1691492520000 HTTP/1.1" 200 None
2023-09-27 19:45:49,322 INFO :: binance BTCUSDT: Collected 1500 older data from 2023-08-07 10:03:00 to 2023-08-08 11:02:00
2023-09-27 19:45:50,440 DEBUG :: Starting new HTTPS connection (1): fapi.binance.com:443
2023-09-27 19:45:51,144 DEBUG :: https://fapi.binance.com:443 "GET /fapi/v1/klines?symbol=BTCUSDT&interval=1m&limit=1500&endTime=1691402520000 HTTP/1.1" 200 None
2023-09-27 19:45:51,258 INFO :: binance BTCUSDT: Collected 1500 older data from 2023-08-06 09:03:00 to 2023-08-07 10:02:00
2023-09-27 19:45:52,374 DEBUG :: Starting new HTTPS connection (1): fapi.binance.com:443
2023-09-27 19:45:53,028 DEBUG :: https://fapi.binance.com:443 "GET /fapi/v1/klines?symbol=BTCUSDT&interval=1m&limit=1500&endTime=1691312520000 HTTP/1.1" 200 None
2023-09-27 19:45:54,292 INFO :: binance BTCUSDT: Collected 1500 older data from 2023-08-05 08:03:00 to 2023-08-06 09:02:00
2023-09-27 19:45:55,402 DEBUG :: Starting new HTTPS connection (1): fapi.binance.com:443
2023-09-27 19:45:56,021 DEBUG :: https://fapi.binance.com:443 "GET /fapi/v1/klines?symbol=BTCUSDT&interval=1m&limit=1500&endTime=1691222520000 HTTP/1.1" 200 None
2023-09-27 19:45:56,130 INFO :: binance BTCUSDT: Collected 1500 older data from 2023-08-04 07:03:00 to 2023-08-05 08:02:00
2023-09-27 19:45:57,244 DEBUG :: Starting new HTTPS connection (1): fapi.binance.com:443
2023-09-27 19:45:57,929 DEBUG :: https://fapi.binance.com:443 "GET /fapi/v1/klines?symbol=BTCUSDT&interval=1m&limit=1500&endTime=1691132520000 HTTP/1.1" 200 None
2023-09-27 19:45:58,047 INFO :: binance BTCUSDT: Collected 1500 older data from 2023-08-03 06:03:00 to 2023-08-04 07:02:00
2023-09-27 19:45:59,159 DEBUG :: Starting new HTTPS connection (1): fapi.binance.com:443
2023-09-27 19:45:59,797 DEBUG :: https://fapi.binance.com:443 "GET /fapi/v1/klines?symbol=BTCUSDT&interval=1m&limit=1500&endTime=1691042520000 HTTP/1.1" 200 None
2023-09-27 19:45:59,915 INFO :: binance BTCUSDT: Collected 1500 older data from 2023-08-02 05:03:00 to 2023-08-03 06:02:00
2023-09-27 19:46:01,023 DEBUG :: Starting new HTTPS connection (1): fapi.binance.com:443
2023-09-27 19:46:01,676 DEBUG :: https://fapi.binance.com:443 "GET /fapi/v1/klines?symbol=BTCUSDT&interval=1m&limit=1500&endTime=1690952520000 HTTP/1.1" 200 None
2023-09-27 19:46:01,789 INFO :: binance BTCUSDT: Collected 1500 older data from 2023-08-01 04:03:00 to 2023-08-02 05:02:00
2023-09-27 19:46:02,900 DEBUG :: Starting new HTTPS connection (1): fapi.binance.com:443
2023-09-27 19:46:03,778 DEBUG :: https://fapi.binance.com:443 "GET /fapi/v1/klines?symbol=BTCUSDT&interval=1m&limit=1500&endTime=1690862520000 HTTP/1.1" 200 None
2023-09-27 19:46:03,944 INFO :: binance BTCUSDT: Collected 1500 older data from 2023-07-31 03:03:00 to 2023-08-01 04:02:00
2023-09-27 19:46:05,054 DEBUG :: Starting new HTTPS connection (1): fapi.binance.com:443
2023-09-27 19:46:05,570 DEBUG :: https://fapi.binance.com:443 "GET /fapi/v1/klines?symbol=BTCUSDT&interval=1m&limit=1500&endTime=1690772520000 HTTP/1.1" 200 None
2023-09-27 19:46:05,776 INFO :: binance BTCUSDT: Collected 1500 older data from 2023-07-30 02:03:00 to 2023-07-31 03:02:00
2023-09-27 19:46:06,887 DEBUG :: Starting new HTTPS connection (1): fapi.binance.com:443
2023-09-27 19:46:07,536 DEBUG :: https://fapi.binance.com:443 "GET /fapi/v1/klines?symbol=BTCUSDT&interval=1m&limit=1500&endTime=1690682520000 HTTP/1.1" 200 None
2023-09-27 19:46:07,652 INFO :: binance BTCUSDT: Collected 1500 older data from 2023-07-29 01:03:00 to 2023-07-30 02:02:00
2023-09-27 19:46:08,766 DEBUG :: Starting new HTTPS connection (1): fapi.binance.com:443
2023-09-27 19:46:09,472 DEBUG :: https://fapi.binance.com:443 "GET /fapi/v1/klines?symbol=BTCUSDT&interval=1m&limit=1500&endTime=1690592520000 HTTP/1.1" 200 None
2023-09-27 19:46:09,639 INFO :: binance BTCUSDT: Collected 1500 older data from 2023-07-28 00:03:00 to 2023-07-29 01:02:00
2023-09-27 19:46:10,744 DEBUG :: Starting new HTTPS connection (1): fapi.binance.com:443
2023-09-27 19:46:11,292 DEBUG :: https://fapi.binance.com:443 "GET /fapi/v1/klines?symbol=BTCUSDT&interval=1m&limit=1500&endTime=1690502520000 HTTP/1.1" 200 None
2023-09-27 19:46:11,494 INFO :: binance BTCUSDT: Collected 1500 older data from 2023-07-26 23:03:00 to 2023-07-28 00:02:00
2023-09-27 19:46:12,611 DEBUG :: Starting new HTTPS connection (1): fapi.binance.com:443
2023-09-27 19:46:13,226 DEBUG :: https://fapi.binance.com:443 "GET /fapi/v1/klines?symbol=BTCUSDT&interval=1m&limit=1500&endTime=1690412520000 HTTP/1.1" 200 None
2023-09-27 19:46:13,342 INFO :: binance BTCUSDT: Collected 1500 older data from 2023-07-25 22:03:00 to 2023-07-26 23:02:00
2023-09-27 19:46:14,447 DEBUG :: Starting new HTTPS connection (1): fapi.binance.com:443
2023-09-27 19:46:15,261 DEBUG :: https://fapi.binance.com:443 "GET /fapi/v1/klines?symbol=BTCUSDT&interval=1m&limit=1500&endTime=1690322520000 HTTP/1.1" 200 None
2023-09-27 19:46:15,381 INFO :: binance BTCUSDT: Collected 1500 older data from 2023-07-24 21:03:00 to 2023-07-25 22:02:00
2023-09-27 19:46:16,490 DEBUG :: Starting new HTTPS connection (1): fapi.binance.com:443
2023-09-27 19:46:17,091 DEBUG :: https://fapi.binance.com:443 "GET /fapi/v1/klines?symbol=BTCUSDT&interval=1m&limit=1500&endTime=1690232520000 HTTP/1.1" 200 None
2023-09-27 19:46:17,292 INFO :: binance BTCUSDT: Collected 1500 older data from 2023-07-23 20:03:00 to 2023-07-24 21:02:00
2023-09-27 19:46:18,400 DEBUG :: Starting new HTTPS connection (1): fapi.binance.com:443
2023-09-27 19:46:19,130 DEBUG :: https://fapi.binance.com:443 "GET /fapi/v1/klines?symbol=BTCUSDT&interval=1m&limit=1500&endTime=1690142520000 HTTP/1.1" 200 None
2023-09-27 19:46:19,264 INFO :: binance BTCUSDT: Collected 1500 older data from 2023-07-22 19:03:00 to 2023-07-23 20:02:00
2023-09-27 19:46:20,376 DEBUG :: Starting new HTTPS connection (1): fapi.binance.com:443
2023-09-27 19:46:21,135 DEBUG :: https://fapi.binance.com:443 "GET /fapi/v1/klines?symbol=BTCUSDT&interval=1m&limit=1500&endTime=1690052520000 HTTP/1.1" 200 None
2023-09-27 19:46:21,253 INFO :: binance BTCUSDT: Collected 1500 older data from 2023-07-21 18:03:00 to 2023-07-22 19:02:00
2023-09-27 19:46:22,368 DEBUG :: Starting new HTTPS connection (1): fapi.binance.com:443
2023-09-27 19:46:22,896 DEBUG :: https://fapi.binance.com:443 "GET /fapi/v1/klines?symbol=BTCUSDT&interval=1m&limit=1500&endTime=1689962520000 HTTP/1.1" 200 None
2023-09-27 19:46:23,101 INFO :: binance BTCUSDT: Collected 1500 older data from 2023-07-20 17:03:00 to 2023-07-21 18:02:00
2023-09-27 19:46:24,208 DEBUG :: Starting new HTTPS connection (1): fapi.binance.com:443
2023-09-27 19:46:24,839 DEBUG :: https://fapi.binance.com:443 "GET /fapi/v1/klines?symbol=BTCUSDT&interval=1m&limit=1500&endTime=1689872520000 HTTP/1.1" 200 None
2023-09-27 19:46:24,953 INFO :: binance BTCUSDT: Collected 1500 older data from 2023-07-19 16:03:00 to 2023-07-20 17:02:00
2023-09-27 19:46:26,067 DEBUG :: Starting new HTTPS connection (1): fapi.binance.com:443
2023-09-27 19:46:26,674 DEBUG :: https://fapi.binance.com:443 "GET /fapi/v1/klines?symbol=BTCUSDT&interval=1m&limit=1500&endTime=1689782520000 HTTP/1.1" 200 None
2023-09-27 19:46:26,783 INFO :: binance BTCUSDT: Collected 1500 older data from 2023-07-18 15:03:00 to 2023-07-19 16:02:00
2023-09-27 19:46:27,889 DEBUG :: Starting new HTTPS connection (1): fapi.binance.com:443
2023-09-27 19:46:28,513 DEBUG :: https://fapi.binance.com:443 "GET /fapi/v1/klines?symbol=BTCUSDT&interval=1m&limit=1500&endTime=1689692520000 HTTP/1.1" 200 None
2023-09-27 19:46:28,635 INFO :: binance BTCUSDT: Collected 1500 older data from 2023-07-17 14:03:00 to 2023-07-18 15:02:00
2023-09-27 19:46:29,751 DEBUG :: Starting new HTTPS connection (1): fapi.binance.com:443
2023-09-27 19:46:30,368 DEBUG :: https://fapi.binance.com:443 "GET /fapi/v1/klines?symbol=BTCUSDT&interval=1m&limit=1500&endTime=1689602520000 HTTP/1.1" 200 None
2023-09-27 19:46:30,563 INFO :: binance BTCUSDT: Collected 1500 older data from 2023-07-16 13:03:00 to 2023-07-17 14:02:00
2023-09-27 19:46:31,677 DEBUG :: Starting new HTTPS connection (1): fapi.binance.com:443
2023-09-27 19:46:32,410 DEBUG :: https://fapi.binance.com:443 "GET /fapi/v1/klines?symbol=BTCUSDT&interval=1m&limit=1500&endTime=1689512520000 HTTP/1.1" 200 None
2023-09-27 19:46:32,555 INFO :: binance BTCUSDT: Collected 1500 older data from 2023-07-15 12:03:00 to 2023-07-16 13:02:00
2023-09-28 15:08:12,964 DEBUG :: Starting new HTTPS connection (1): fapi.binance.com:443
2023-09-28 15:08:14,083 DEBUG :: https://fapi.binance.com:443 "GET /fapi/v1/exchangeInfo HTTP/1.1" 200 None
2023-09-28 15:11:21,413 DEBUG :: Starting new HTTPS connection (1): fapi.binance.com:443
2023-09-28 15:11:22,358 DEBUG :: https://fapi.binance.com:443 "GET /fapi/v1/exchangeInfo HTTP/1.1" 200 None
2023-09-28 15:14:36,705 DEBUG :: Starting new HTTPS connection (1): fapi.binance.com:443
2023-09-28 15:14:37,898 DEBUG :: https://fapi.binance.com:443 "GET /fapi/v1/exchangeInfo HTTP/1.1" 200 None
